<?xml version="1.0" encoding="UTF-8"?>
<!-- Generated by org.testng.reporters.JUnitReportReporter -->
<testsuite hostname="SHUBHAMsLaptop" failures="0" tests="1" name="testNG.NewTest1" time="0.008" errors="0" timestamp="2022-06-02T15:19:16 IST" skipped="0">
  <testcase classname="testNG.NewTest1" name="singup" time="0.008"/>
  <system-out/>
</testsuite> <!-- testNG.NewTest1 -->
