<?xml version="1.0" encoding="UTF-8"?>
<!-- Generated by org.testng.reporters.JUnitReportReporter -->
<testsuite hostname="SHUBHAMsLaptop" failures="0" tests="1" name="testNG.NewTest2" time="0.000" errors="0" timestamp="2022-06-02T15:19:16 IST" skipped="0">
  <testcase classname="testNG.NewTest2" name="name" time="0.000"/>
  <system-out/>
</testsuite> <!-- testNG.NewTest2 -->
