<?xml version="1.0" encoding="UTF-8"?>
<!-- Generated by org.testng.reporters.JUnitReportReporter -->
<testsuite hostname="SHUBHAMsLaptop" failures="0" tests="1" name="testNG.ImpliciteWait1" time="5.167" errors="0" timestamp="2022-06-08T14:24:56 IST" skipped="0">
  <testcase classname="testNG.ImpliciteWait1" name="verifyTitle" time="5.167"/>
  <system-out/>
</testsuite> <!-- testNG.ImpliciteWait1 -->
