<?xml version="1.0" encoding="UTF-8"?>
<!-- Generated by org.testng.reporters.JUnitReportReporter -->
<testsuite hostname="SHUBHAMsLaptop" failures="0" tests="2" name="testNG.T1" time="0.038" errors="0" timestamp="2022-06-01T21:55:10 IST" skipped="0">
  <testcase classname="testNG.T1" name="verifyTitel" time="0.017"/>
  <system-out/>
  <testcase classname="testNG.T1" name="verifyTitel" time="0.021"/>
  <system-out/>
</testsuite> <!-- testNG.T1 -->
