<?xml version="1.0" encoding="UTF-8"?>
<!-- Generated by org.testng.reporters.JUnitReportReporter -->
<testsuite hostname="SHUBHAMsLaptop" failures="0" tests="2" name="testNG.UseOfDataProviderAnotation" time="41.201" errors="0" timestamp="2022-06-02T21:59:08 IST" skipped="0">
  <testcase classname="testNG.UseOfDataProviderAnotation" name="login" time="30.208"/>
  <system-out/>
  <testcase classname="testNG.UseOfDataProviderAnotation" name="login" time="10.993"/>
  <system-out/>
</testsuite> <!-- testNG.UseOfDataProviderAnotation -->
