<?xml version="1.0" encoding="UTF-8"?>
<!-- Generated by org.testng.reporters.JUnitReportReporter -->
<testsuite hostname="SHUBHAMsLaptop" failures="0" tests="2" name="testNG.T2" time="0.086" errors="0" timestamp="2022-06-01T15:17:52 IST" skipped="0">
  <testcase classname="testNG.T2" name="verifyurl" time="0.008"/>
  <system-out/>
  <testcase classname="testNG.T2" name="verifyTitel" time="0.078"/>
  <system-out/>
</testsuite> <!-- testNG.T2 -->
