<?xml version="1.0" encoding="UTF-8"?>
<!-- Generated by org.testng.reporters.JUnitReportReporter -->
<testsuite hostname="SHUBHAMsLaptop" failures="0" tests="3" name="pom.P1" time="5.359" errors="0" timestamp="2022-06-10T15:37:41 IST" skipped="0">
  <testcase classname="pom.P1" name="verifyURL" time="0.020"/>
  <system-out/>
  <testcase classname="pom.P1" name="verifybutton" time="0.054"/>
  <system-out/>
  <testcase classname="pom.P1" name="verifyLogin" time="5.285"/>
  <system-out/>
</testsuite> <!-- pom.P1 -->
