<?xml version="1.0" encoding="UTF-8"?>
<!-- Generated by org.testng.reporters.JUnitReportReporter -->
<testsuite hostname="SHUBHAMsLaptop" failures="0" tests="7" name="testNG.FirstTestCase" time="0.022" errors="0" timestamp="2022-05-31T15:25:33 IST" skipped="0">
  <testcase classname="testNG.FirstTestCase" name="lemon" time="0.001"/>
  <system-out/>
  <testcase classname="testNG.FirstTestCase" name="lemon" time="0.001"/>
  <system-out/>
  <testcase classname="testNG.FirstTestCase" name="lemon" time="0.001"/>
  <system-out/>
  <testcase classname="testNG.FirstTestCase" name="banana" time="0.002"/>
  <system-out/>
  <testcase classname="testNG.FirstTestCase" name="lemon" time="0.001"/>
  <system-out/>
  <testcase classname="testNG.FirstTestCase" name="apple" time="0.015"/>
  <system-out/>
  <testcase classname="testNG.FirstTestCase" name="lemon" time="0.001"/>
  <system-out/>
</testsuite> <!-- testNG.FirstTestCase -->
