<?xml version="1.0" encoding="UTF-8"?>
<!-- Generated by org.testng.reporters.JUnitReportReporter -->
<testsuite hostname="SHUBHAMsLaptop" failures="0" tests="2" name="pom.LoginTest" time="5.300" errors="0" timestamp="2022-06-10T15:24:53 IST" skipped="0">
  <testcase classname="pom.LoginTest" name="verifybutton" time="0.071"/>
  <system-out/>
  <testcase classname="pom.LoginTest" name="verifyLogin" time="5.229"/>
  <system-out/>
</testsuite> <!-- pom.LoginTest -->
